<?xml version="1.0" encoding="UTF-8"?>
<testsuite xmlns:xsi="http://www.w3.org/2001/XMLSchema-instance" xsi:noNamespaceSchemaLocation="https://maven.apache.org/surefire/maven-surefire-plugin/xsd/surefire-test-report-3.0.xsd" version="3.0" name="tn.esprit.spring.kaddem.services.EtudiantServiceTest" time="10.722" tests="6" errors="0" skipped="0" failures="0">
  <properties>
[...]
</properties>
  <testcase name="testUpdateEtudiant" classname="tn.esprit.spring.kaddem.services.EtudiantServiceTest" time="0.098">
    <system-out><![CDATA[13:50:33.538 [main] DEBUG org.springframework.test.context.BootstrapUtils - Instantiating CacheAwareContextLoaderDelegate from class [org.springframework.test.context.cache.DefaultCacheAwareContextLoaderDelegate]
13:50:33.564 [main] DEBUG org.springframework.test.context.BootstrapUtils - Instantiating BootstrapContext using constructor [public org.springframework.test.context.support.DefaultBootstrapContext(java.lang.Class,org.springframework.test.context.CacheAwareContextLoaderDelegate)]
13:50:33.647 [main] DEBUG org.springframework.test.context.BootstrapUtils - Instantiating TestContextBootstrapper for test class [tn.esprit.spring.kaddem.services.EtudiantServiceTest] from class [org.springframework.boot.test.context.SpringBootTestContextBootstrapper]
13:50:33.672 [main] INFO org.springframework.boot.test.context.SpringBootTestContextBootstrapper - Neither @ContextConfiguration nor @ContextHierarchy found for test class [tn.esprit.spring.kaddem.services.EtudiantServiceTest], using SpringBootContextLoader
13:50:33.681 [main] DEBUG org.springframework.test.context.support.AbstractContextLoader - Did not detect default resource location for test class [tn.esprit.spring.kaddem.services.EtudiantServiceTest]: class path resource [tn/esprit/spring/kaddem/services/EtudiantServiceTest-context.xml] does not exist
13:50:33.681 [main] DEBUG org.springframework.test.context.support.AbstractContextLoader - Did not detect default resource location for test class [tn.esprit.spring.kaddem.services.EtudiantServiceTest]: class path resource [tn/esprit/spring/kaddem/services/EtudiantServiceTestContext.groovy] does not exist
13:50:33.682 [main] INFO org.springframework.test.context.support.AbstractContextLoader - Could not detect default resource locations for test class [tn.esprit.spring.kaddem.services.EtudiantServiceTest]: no resource found for suffixes {-context.xml, Context.groovy}.
13:50:33.683 [main] INFO org.springframework.test.context.support.AnnotationConfigContextLoaderUtils - Could not detect default configuration classes for test class [tn.esprit.spring.kaddem.services.EtudiantServiceTest]: EtudiantServiceTest does not declare any static, non-private, non-final, nested classes annotated with @Configuration.
13:50:33.763 [main] DEBUG org.springframework.test.context.support.ActiveProfilesUtils - Could not find an 'annotation declaring class' for annotation type [org.springframework.test.context.ActiveProfiles] and class [tn.esprit.spring.kaddem.services.EtudiantServiceTest]
13:50:33.940 [main] DEBUG org.springframework.context.annotation.ClassPathScanningCandidateComponentProvider - Identified candidate component class: file [C:\Users\AHMED\DevOps\kaddem\target\classes\tn\esprit\spring\kaddem\KaddemApplication.class]
13:50:33.941 [main] INFO org.springframework.boot.test.context.SpringBootTestContextBootstrapper - Found @SpringBootConfiguration tn.esprit.spring.kaddem.KaddemApplication for test class tn.esprit.spring.kaddem.services.EtudiantServiceTest
13:50:34.157 [main] DEBUG org.springframework.boot.test.context.SpringBootTestContextBootstrapper - @TestExecutionListeners is not present for class [tn.esprit.spring.kaddem.services.EtudiantServiceTest]: using defaults.
13:50:34.158 [main] INFO org.springframework.boot.test.context.SpringBootTestContextBootstrapper - Loaded default TestExecutionListener class names from location [META-INF/spring.factories]: [org.springframework.boot.test.mock.mockito.MockitoTestExecutionListener, org.springframework.boot.test.mock.mockito.ResetMocksTestExecutionListener, org.springframework.boot.test.autoconfigure.restdocs.RestDocsTestExecutionListener, org.springframework.boot.test.autoconfigure.web.client.MockRestServiceServerResetTestExecutionListener, org.springframework.boot.test.autoconfigure.web.servlet.MockMvcPrintOnlyOnFailureTestExecutionListener, org.springframework.boot.test.autoconfigure.web.servlet.WebDriverTestExecutionListener, org.springframework.boot.test.autoconfigure.webservices.client.MockWebServiceServerTestExecutionListener, org.springframework.test.context.web.ServletTestExecutionListener, org.springframework.test.context.support.DirtiesContextBeforeModesTestExecutionListener, org.springframework.test.context.event.ApplicationEventsTestExecutionListener, org.springframework.test.context.support.DependencyInjectionTestExecutionListener, org.springframework.test.context.support.DirtiesContextTestExecutionListener, org.springframework.test.context.transaction.TransactionalTestExecutionListener, org.springframework.test.context.jdbc.SqlScriptsTestExecutionListener, org.springframework.test.context.event.EventPublishingTestExecutionListener]
13:50:34.194 [main] INFO org.springframework.boot.test.context.SpringBootTestContextBootstrapper - Using TestExecutionListeners: [org.springframework.test.context.web.ServletTestExecutionListener@79424f25, org.springframework.test.context.support.DirtiesContextBeforeModesTestExecutionListener@5fd4e67f, org.springframework.test.context.event.ApplicationEventsTestExecutionListener@59b1edab, org.springframework.boot.test.mock.mockito.MockitoTestExecutionListener@3855b27e, org.springframework.boot.test.autoconfigure.SpringBootDependencyInjectionTestExecutionListener@5305f936, org.springframework.test.context.support.DirtiesContextTestExecutionListener@2b1a1a37, org.springframework.test.context.transaction.TransactionalTestExecutionListener@7d90764a, org.springframework.test.context.jdbc.SqlScriptsTestExecutionListener@6843fdc4, org.springframework.test.context.event.EventPublishingTestExecutionListener@147375b3, org.springframework.boot.test.mock.mockito.ResetMocksTestExecutionListener@6f430ea8, org.springframework.boot.test.autoconfigure.restdocs.RestDocsTestExecutionListener@119f072c, org.springframework.boot.test.autoconfigure.web.client.MockRestServiceServerResetTestExecutionListener@66456506, org.springframework.boot.test.autoconfigure.web.servlet.MockMvcPrintOnlyOnFailureTestExecutionListener@69944a90, org.springframework.boot.test.autoconfigure.web.servlet.WebDriverTestExecutionListener@1ed52f44, org.springframework.boot.test.autoconfigure.webservices.client.MockWebServiceServerTestExecutionListener@771afdd5]
13:50:34.200 [main] DEBUG org.springframework.test.context.support.AbstractDirtiesContextTestExecutionListener - Before test class: context [DefaultTestContext@349aeec4 testClass = EtudiantServiceTest, testInstance = [null], testMethod = [null], testException = [null], mergedContextConfiguration = [WebMergedContextConfiguration@3700994c testClass = EtudiantServiceTest, locations = '{}', classes = '{class tn.esprit.spring.kaddem.KaddemApplication}', contextInitializerClasses = '[]', activeProfiles = '{}', propertySourceLocations = '{}', propertySourceProperties = '{org.springframework.boot.test.context.SpringBootTestContextBootstrapper=true}', contextCustomizers = set[org.springframework.boot.test.context.filter.ExcludeFilterContextCustomizer@28a6e171, org.springframework.boot.test.json.DuplicateJsonObjectContextCustomizerFactory$DuplicateJsonObjectContextCustomizer@fbe70d8, org.springframework.boot.test.mock.mockito.MockitoContextCustomizer@0, org.springframework.boot.test.web.client.TestRestTemplateContextCustomizer@76c86567, org.springframework.boot.test.autoconfigure.actuate.metrics.MetricsExportContextCustomizerFactory$DisableMetricExportContextCustomizer@7f27f59b, org.springframework.boot.test.autoconfigure.properties.PropertyMappingContextCustomizer@0, org.springframework.boot.test.autoconfigure.web.servlet.WebDriverContextCustomizerFactory$Customizer@1b560eb0, org.springframework.boot.test.context.SpringBootTestArgs@1, org.springframework.boot.test.context.SpringBootTestWebEnvironment@757194dc], resourceBasePath = 'src/main/webapp', contextLoader = 'org.springframework.boot.test.context.SpringBootContextLoader', parent = [null]], attributes = map['org.springframework.test.context.web.ServletTestExecutionListener.activateListener' -> true]], class annotated with @DirtiesContext [false] with mode [null].

  .   ____          _            __ _ _
 /\\ / ___'_ __ _ _(_)_ __  __ _ \ \ \ \
( ( )\___ | '_ | '_| | '_ \/ _` | \ \ \ \
 \\/  ___)| |_)| | | | | || (_| |  ) ) ) )
  '  |____| .__|_| |_|_| |_\__, | / / / /
 =========|_|==============|___/=/_/_/_/
 :: Spring Boot ::                (v2.7.5)

2023-11-08 13:50:34 - INFO  - tn.esprit.spring.kaddem.services.EtudiantServiceTest - Starting EtudiantServiceTest using Java 11.0.21 on DESKTOP-IBES0RN with PID 21736 (started by AHMED in C:\Users\AHMED\DevOps\kaddem)
2023-11-08 13:50:34 - INFO  - tn.esprit.spring.kaddem.services.EtudiantServiceTest - No active profile set, falling back to 1 default profile: "default"
2023-11-08 13:50:37 - INFO  - org.hibernate.jpa.internal.util.LogHelper - HHH000204: Processing PersistenceUnitInfo [name: default]
2023-11-08 13:50:37 - INFO  - org.hibernate.Version - HHH000412: Hibernate ORM core version 5.6.12.Final
2023-11-08 13:50:37 - INFO  - org.hibernate.annotations.common.Version - HCANN000001: Hibernate Commons Annotations {5.1.2.Final}
2023-11-08 13:50:38 - INFO  - org.hibernate.dialect.Dialect - HHH000400: Using dialect: org.hibernate.dialect.H2Dialect
Hibernate: create table contrat (id_contrat integer generated by default as identity, archive boolean, date_debut_contrat date, date_fin_contrat date, montant_contrat integer, specialite varchar(255), etudiant_id_etudiant integer, primary key (id_contrat))
Hibernate: create table departement (id_depart integer generated by default as identity, nom_depart varchar(255), primary key (id_depart))
Hibernate: create table detail_equipe (id_detail_equipe integer generated by default as identity, salle integer, thematique varchar(255), primary key (id_detail_equipe))
Hibernate: create table equipe (id_equipe integer generated by default as identity, niveau varchar(255), nom_equipe varchar(255), detail_equipe_id_detail_equipe integer, primary key (id_equipe))
Hibernate: create table equipe_etudiants (equipes_id_equipe integer not null, etudiants_id_etudiant integer not null, primary key (equipes_id_equipe, etudiants_id_etudiant))
Hibernate: create table etudiant (id_etudiant integer generated by default as identity, nome varchar(255), op varchar(255), prenome varchar(255), departement_id_depart integer, primary key (id_etudiant))
Hibernate: create table universite (id_univ integer generated by default as identity, nom_univ varchar(255), primary key (id_univ))
Hibernate: create table universite_departements (universite_id_univ integer not null, departements_id_depart integer not null, primary key (universite_id_univ, departements_id_depart))
Hibernate: alter table universite_departements drop constraint if exists UK_aro365ycjabilek7s04pu80sa
Hibernate: alter table universite_departements add constraint UK_aro365ycjabilek7s04pu80sa unique (departements_id_depart)
Hibernate: alter table contrat add constraint FKe0rdksi7um7hi83xw63wi9349 foreign key (etudiant_id_etudiant) references etudiant
Hibernate: alter table equipe add constraint FKfliu70w6rbbhy9hkaq4f72wic foreign key (detail_equipe_id_detail_equipe) references detail_equipe
Hibernate: alter table equipe_etudiants add constraint FKsfxtwvhoe9tio3n1574lta1m6 foreign key (etudiants_id_etudiant) references etudiant
Hibernate: alter table equipe_etudiants add constraint FK2qnv8lwf7b2a7tp6lmo0e78yf foreign key (equipes_id_equipe) references equipe
Hibernate: alter table etudiant add constraint FKbnxiosjumn4a0fmcnaixaecg9 foreign key (departement_id_depart) references departement
Hibernate: alter table universite_departements add constraint FKkfinfopfklqtcp2jg3xhqr1p2 foreign key (departements_id_depart) references departement
Hibernate: alter table universite_departements add constraint FK3xfx31pl7xsfuo8m5xa59t87q foreign key (universite_id_univ) references universite
2023-11-08 13:50:40 - INFO  - o.h.e.transaction.jta.platform.internal.JtaPlatformInitiator - HHH000490: Using JtaPlatform implementation: [org.hibernate.engine.transaction.jta.platform.internal.NoJtaPlatform]
2023-11-08 13:50:41 - WARN  - o.s.b.a.orm.jpa.JpaBaseConfiguration$JpaWebConfiguration - spring.jpa.open-in-view is enabled by default. Therefore, database queries may be performed during view rendering. Explicitly configure spring.jpa.open-in-view to disable this warning
2023-11-08 13:50:43 - INFO  - tn.esprit.spring.kaddem.services.EtudiantServiceTest - Started EtudiantServiceTest in 9.355 seconds (JVM running for 11.464)
]]></system-out>
  </testcase>
  <testcase name="testCreateEtudiant" classname="tn.esprit.spring.kaddem.services.EtudiantServiceTest" time="0.01"/>
  <testcase name="testRetrieveAllEtudiants" classname="tn.esprit.spring.kaddem.services.EtudiantServiceTest" time="0.006"/>
  <testcase name="testRetrieveEtudiant" classname="tn.esprit.spring.kaddem.services.EtudiantServiceTest" time="0.007"/>
  <testcase name="testRemoveEtudiant" classname="tn.esprit.spring.kaddem.services.EtudiantServiceTest" time="0.008"/>
  <testcase name="testAddEtudiant" classname="tn.esprit.spring.kaddem.services.EtudiantServiceTest" time="0.007"/>
</testsuite>