<?xml version="1.0" encoding="UTF-8"?>
<testsuite xmlns:xsi="http://www.w3.org/2001/XMLSchema-instance" xsi:noNamespaceSchemaLocation="https://maven.apache.org/surefire/maven-surefire-plugin/xsd/surefire-test-report-3.0.xsd" version="3.0" name="tn.esprit.spring.kaddem.services.EtudiantServiceTest" time="7.65" tests="6" errors="0" skipped="0" failures="0">
  <properties>
[...]
</properties>
  <testcase name="testUpdateEtudiant" classname="tn.esprit.spring.kaddem.services.EtudiantServiceTest" time="0.065">
    <system-out><![CDATA[18:26:29.720 [main] DEBUG org.springframework.test.context.BootstrapUtils - Instantiating CacheAwareContextLoaderDelegate from class [org.springframework.test.context.cache.DefaultCacheAwareContextLoaderDelegate]
18:26:29.739 [main] DEBUG org.springframework.test.context.BootstrapUtils - Instantiating BootstrapContext using constructor [public org.springframework.test.context.support.DefaultBootstrapContext(java.lang.Class,org.springframework.test.context.CacheAwareContextLoaderDelegate)]
18:26:29.788 [main] DEBUG org.springframework.test.context.BootstrapUtils - Instantiating TestContextBootstrapper for test class [tn.esprit.spring.kaddem.services.EtudiantServiceTest] from class [org.springframework.boot.test.context.SpringBootTestContextBootstrapper]
18:26:29.802 [main] INFO org.springframework.boot.test.context.SpringBootTestContextBootstrapper - Neither @ContextConfiguration nor @ContextHierarchy found for test class [tn.esprit.spring.kaddem.services.EtudiantServiceTest], using SpringBootContextLoader
18:26:29.808 [main] DEBUG org.springframework.test.context.support.AbstractContextLoader - Did not detect default resource location for test class [tn.esprit.spring.kaddem.services.EtudiantServiceTest]: class path resource [tn/esprit/spring/kaddem/services/EtudiantServiceTest-context.xml] does not exist
18:26:29.808 [main] DEBUG org.springframework.test.context.support.AbstractContextLoader - Did not detect default resource location for test class [tn.esprit.spring.kaddem.services.EtudiantServiceTest]: class path resource [tn/esprit/spring/kaddem/services/EtudiantServiceTestContext.groovy] does not exist
18:26:29.809 [main] INFO org.springframework.test.context.support.AbstractContextLoader - Could not detect default resource locations for test class [tn.esprit.spring.kaddem.services.EtudiantServiceTest]: no resource found for suffixes {-context.xml, Context.groovy}.
18:26:29.810 [main] INFO org.springframework.test.context.support.AnnotationConfigContextLoaderUtils - Could not detect default configuration classes for test class [tn.esprit.spring.kaddem.services.EtudiantServiceTest]: EtudiantServiceTest does not declare any static, non-private, non-final, nested classes annotated with @Configuration.
18:26:29.860 [main] DEBUG org.springframework.test.context.support.ActiveProfilesUtils - Could not find an 'annotation declaring class' for annotation type [org.springframework.test.context.ActiveProfiles] and class [tn.esprit.spring.kaddem.services.EtudiantServiceTest]
18:26:29.959 [main] DEBUG org.springframework.context.annotation.ClassPathScanningCandidateComponentProvider - Identified candidate component class: file [C:\Users\AHMED\DevOps\kaddem\target\classes\tn\esprit\spring\kaddem\KaddemApplication.class]
18:26:29.961 [main] INFO org.springframework.boot.test.context.SpringBootTestContextBootstrapper - Found @SpringBootConfiguration tn.esprit.spring.kaddem.KaddemApplication for test class tn.esprit.spring.kaddem.services.EtudiantServiceTest
18:26:30.088 [main] DEBUG org.springframework.boot.test.context.SpringBootTestContextBootstrapper - @TestExecutionListeners is not present for class [tn.esprit.spring.kaddem.services.EtudiantServiceTest]: using defaults.
18:26:30.089 [main] INFO org.springframework.boot.test.context.SpringBootTestContextBootstrapper - Loaded default TestExecutionListener class names from location [META-INF/spring.factories]: [org.springframework.boot.test.mock.mockito.MockitoTestExecutionListener, org.springframework.boot.test.mock.mockito.ResetMocksTestExecutionListener, org.springframework.boot.test.autoconfigure.restdocs.RestDocsTestExecutionListener, org.springframework.boot.test.autoconfigure.web.client.MockRestServiceServerResetTestExecutionListener, org.springframework.boot.test.autoconfigure.web.servlet.MockMvcPrintOnlyOnFailureTestExecutionListener, org.springframework.boot.test.autoconfigure.web.servlet.WebDriverTestExecutionListener, org.springframework.boot.test.autoconfigure.webservices.client.MockWebServiceServerTestExecutionListener, org.springframework.test.context.web.ServletTestExecutionListener, org.springframework.test.context.support.DirtiesContextBeforeModesTestExecutionListener, org.springframework.test.context.event.ApplicationEventsTestExecutionListener, org.springframework.test.context.support.DependencyInjectionTestExecutionListener, org.springframework.test.context.support.DirtiesContextTestExecutionListener, org.springframework.test.context.transaction.TransactionalTestExecutionListener, org.springframework.test.context.jdbc.SqlScriptsTestExecutionListener, org.springframework.test.context.event.EventPublishingTestExecutionListener]
18:26:30.110 [main] INFO org.springframework.boot.test.context.SpringBootTestContextBootstrapper - Using TestExecutionListeners: [org.springframework.test.context.web.ServletTestExecutionListener@5d0e703a, org.springframework.test.context.support.DirtiesContextBeforeModesTestExecutionListener@7f77e065, org.springframework.test.context.event.ApplicationEventsTestExecutionListener@6f655dbd, org.springframework.boot.test.mock.mockito.MockitoTestExecutionListener@546083d6, org.springframework.boot.test.autoconfigure.SpringBootDependencyInjectionTestExecutionListener@7ac1b6c0, org.springframework.test.context.support.DirtiesContextTestExecutionListener@3a751535, org.springframework.test.context.transaction.TransactionalTestExecutionListener@7fb82f73, org.springframework.test.context.jdbc.SqlScriptsTestExecutionListener@2f166d61, org.springframework.test.context.event.EventPublishingTestExecutionListener@5896b9f5, org.springframework.boot.test.mock.mockito.ResetMocksTestExecutionListener@4ad8d36f, org.springframework.boot.test.autoconfigure.restdocs.RestDocsTestExecutionListener@74a5bef0, org.springframework.boot.test.autoconfigure.web.client.MockRestServiceServerResetTestExecutionListener@68c4a860, org.springframework.boot.test.autoconfigure.web.servlet.MockMvcPrintOnlyOnFailureTestExecutionListener@570ed9c, org.springframework.boot.test.autoconfigure.web.servlet.WebDriverTestExecutionListener@93f15f6, org.springframework.boot.test.autoconfigure.webservices.client.MockWebServiceServerTestExecutionListener@5034681f]
18:26:30.115 [main] DEBUG org.springframework.test.context.support.AbstractDirtiesContextTestExecutionListener - Before test class: context [DefaultTestContext@3dfc59c5 testClass = EtudiantServiceTest, testInstance = [null], testMethod = [null], testException = [null], mergedContextConfiguration = [WebMergedContextConfiguration@2cff5aa3 testClass = EtudiantServiceTest, locations = '{}', classes = '{class tn.esprit.spring.kaddem.KaddemApplication}', contextInitializerClasses = '[]', activeProfiles = '{}', propertySourceLocations = '{}', propertySourceProperties = '{org.springframework.boot.test.context.SpringBootTestContextBootstrapper=true}', contextCustomizers = set[org.springframework.boot.test.context.filter.ExcludeFilterContextCustomizer@6dee8ae6, org.springframework.boot.test.json.DuplicateJsonObjectContextCustomizerFactory$DuplicateJsonObjectContextCustomizer@7bdf61ad, org.springframework.boot.test.mock.mockito.MockitoContextCustomizer@0, org.springframework.boot.test.web.client.TestRestTemplateContextCustomizer@5e26f1ed, org.springframework.boot.test.autoconfigure.actuate.metrics.MetricsExportContextCustomizerFactory$DisableMetricExportContextCustomizer@3becc950, org.springframework.boot.test.autoconfigure.properties.PropertyMappingContextCustomizer@0, org.springframework.boot.test.autoconfigure.web.servlet.WebDriverContextCustomizerFactory$Customizer@34414ffc, org.springframework.boot.test.context.SpringBootTestArgs@1, org.springframework.boot.test.context.SpringBootTestWebEnvironment@77307458], resourceBasePath = 'src/main/webapp', contextLoader = 'org.springframework.boot.test.context.SpringBootContextLoader', parent = [null]], attributes = map['org.springframework.test.context.web.ServletTestExecutionListener.activateListener' -> true]], class annotated with @DirtiesContext [false] with mode [null].

  .   ____          _            __ _ _
 /\\ / ___'_ __ _ _(_)_ __  __ _ \ \ \ \
( ( )\___ | '_ | '_| | '_ \/ _` | \ \ \ \
 \\/  ___)| |_)| | | | | || (_| |  ) ) ) )
  '  |____| .__|_| |_|_| |_\__, | / / / /
 =========|_|==============|___/=/_/_/_/
 :: Spring Boot ::                (v2.7.5)

2023-11-06 18:26:30.476  INFO 15772 --- [           main] t.e.s.k.services.EtudiantServiceTest     : Starting EtudiantServiceTest using Java 1.8.0_161 on DESKTOP-IBES0RN with PID 15772 (started by AHMED in C:\Users\AHMED\DevOps\kaddem)
2023-11-06 18:26:30.477  INFO 15772 --- [           main] t.e.s.k.services.EtudiantServiceTest     : No active profile set, falling back to 1 default profile: "default"
2023-11-06 18:26:31.251  INFO 15772 --- [           main] .s.d.r.c.RepositoryConfigurationDelegate : Bootstrapping Spring Data JPA repositories in DEFAULT mode.
2023-11-06 18:26:31.343  INFO 15772 --- [           main] .s.d.r.c.RepositoryConfigurationDelegate : Finished Spring Data repository scanning in 70 ms. Found 5 JPA repository interfaces.
2023-11-06 18:26:31.988  INFO 15772 --- [           main] o.hibernate.jpa.internal.util.LogHelper  : HHH000204: Processing PersistenceUnitInfo [name: default]
2023-11-06 18:26:32.054  INFO 15772 --- [           main] org.hibernate.Version                    : HHH000412: Hibernate ORM core version 5.6.12.Final
2023-11-06 18:26:32.284  INFO 15772 --- [           main] o.hibernate.annotations.common.Version   : HCANN000001: Hibernate Commons Annotations {5.1.2.Final}
2023-11-06 18:26:32.849  INFO 15772 --- [           main] com.zaxxer.hikari.HikariDataSource       : HikariPool-1 - Starting...
2023-11-06 18:26:33.076  INFO 15772 --- [           main] com.zaxxer.hikari.HikariDataSource       : HikariPool-1 - Start completed.
2023-11-06 18:26:33.096  INFO 15772 --- [           main] org.hibernate.dialect.Dialect            : HHH000400: Using dialect: org.hibernate.dialect.MySQL5Dialect
Hibernate: drop table if exists contrat
Hibernate: drop table if exists departement
Hibernate: drop table if exists detail_equipe
Hibernate: drop table if exists equipe
Hibernate: drop table if exists equipe_etudiants
Hibernate: drop table if exists etudiant
Hibernate: drop table if exists universite
Hibernate: drop table if exists universite_departements
Hibernate: create table contrat (id_contrat integer not null auto_increment, archive bit, date_debut_contrat date, date_fin_contrat date, montant_contrat integer, specialite varchar(255), etudiant_id_etudiant integer, primary key (id_contrat)) engine=MyISAM
Hibernate: create table departement (id_depart integer not null auto_increment, nom_depart varchar(255), primary key (id_depart)) engine=MyISAM
Hibernate: create table detail_equipe (id_detail_equipe integer not null auto_increment, salle integer, thematique varchar(255), primary key (id_detail_equipe)) engine=MyISAM
Hibernate: create table equipe (id_equipe integer not null auto_increment, niveau varchar(255), nom_equipe varchar(255), detail_equipe_id_detail_equipe integer, primary key (id_equipe)) engine=MyISAM
Hibernate: create table equipe_etudiants (equipes_id_equipe integer not null, etudiants_id_etudiant integer not null, primary key (equipes_id_equipe, etudiants_id_etudiant)) engine=MyISAM
Hibernate: create table etudiant (id_etudiant integer not null auto_increment, nome varchar(255), op varchar(255), prenome varchar(255), departement_id_depart integer, primary key (id_etudiant)) engine=MyISAM
Hibernate: create table universite (id_univ integer not null auto_increment, nom_univ varchar(255), primary key (id_univ)) engine=MyISAM
Hibernate: create table universite_departements (universite_id_univ integer not null, departements_id_depart integer not null, primary key (universite_id_univ, departements_id_depart)) engine=MyISAM
Hibernate: alter table universite_departements add constraint UK_aro365ycjabilek7s04pu80sa unique (departements_id_depart)
Hibernate: alter table contrat add constraint FKe0rdksi7um7hi83xw63wi9349 foreign key (etudiant_id_etudiant) references etudiant (id_etudiant)
Hibernate: alter table equipe add constraint FKfliu70w6rbbhy9hkaq4f72wic foreign key (detail_equipe_id_detail_equipe) references detail_equipe (id_detail_equipe)
Hibernate: alter table equipe_etudiants add constraint FKsfxtwvhoe9tio3n1574lta1m6 foreign key (etudiants_id_etudiant) references etudiant (id_etudiant)
Hibernate: alter table equipe_etudiants add constraint FK2qnv8lwf7b2a7tp6lmo0e78yf foreign key (equipes_id_equipe) references equipe (id_equipe)
Hibernate: alter table etudiant add constraint FKbnxiosjumn4a0fmcnaixaecg9 foreign key (departement_id_depart) references departement (id_depart)
Hibernate: alter table universite_departements add constraint FKkfinfopfklqtcp2jg3xhqr1p2 foreign key (departements_id_depart) references departement (id_depart)
Hibernate: alter table universite_departements add constraint FK3xfx31pl7xsfuo8m5xa59t87q foreign key (universite_id_univ) references universite (id_univ)
2023-11-06 18:26:34.154  INFO 15772 --- [           main] o.h.e.t.j.p.i.JtaPlatformInitiator       : HHH000490: Using JtaPlatform implementation: [org.hibernate.engine.transaction.jta.platform.internal.NoJtaPlatform]
2023-11-06 18:26:34.165  INFO 15772 --- [           main] j.LocalContainerEntityManagerFactoryBean : Initialized JPA EntityManagerFactory for persistence unit 'default'
2023-11-06 18:26:35.309  WARN 15772 --- [           main] JpaBaseConfiguration$JpaWebConfiguration : spring.jpa.open-in-view is enabled by default. Therefore, database queries may be performed during view rendering. Explicitly configure spring.jpa.open-in-view to disable this warning
2023-11-06 18:26:37.025  INFO 15772 --- [           main] t.e.s.k.services.EtudiantServiceTest     : Started EtudiantServiceTest in 6.85 seconds (JVM running for 8.192)
]]></system-out>
  </testcase>
  <testcase name="testCreateEtudiant" classname="tn.esprit.spring.kaddem.services.EtudiantServiceTest" time="0.006"/>
  <testcase name="testRetrieveAllEtudiants" classname="tn.esprit.spring.kaddem.services.EtudiantServiceTest" time="0.003"/>
  <testcase name="testRetrieveEtudiant" classname="tn.esprit.spring.kaddem.services.EtudiantServiceTest" time="0.004"/>
  <testcase name="testRemoveEtudiant" classname="tn.esprit.spring.kaddem.services.EtudiantServiceTest" time="0.004"/>
  <testcase name="testAddEtudiant" classname="tn.esprit.spring.kaddem.services.EtudiantServiceTest" time="0.003"/>
</testsuite>