<?xml version="1.0" encoding="UTF-8"?>
<testsuite xmlns:xsi="http://www.w3.org/2001/XMLSchema-instance" xsi:noNamespaceSchemaLocation="https://maven.apache.org/surefire/maven-surefire-plugin/xsd/surefire-test-report-3.0.xsd" version="3.0" name="tn.esprit.spring.kaddem.services.EquipeTest" time="0.34" tests="3" errors="0" skipped="0" failures="0">
  <properties>
[...]
</properties>
  <testcase name="testretrieveAllEquipes" classname="tn.esprit.spring.kaddem.services.EquipeTest" time="0.135">
    <system-out><![CDATA[2023-11-04 00:46:29.761  INFO 19100 --- [           main] .b.t.c.SpringBootTestContextBootstrapper : Neither @ContextConfiguration nor @ContextHierarchy found for test class [tn.esprit.spring.kaddem.services.EquipeTest], using SpringBootContextLoader
2023-11-04 00:46:29.765  INFO 19100 --- [           main] o.s.t.c.support.AbstractContextLoader    : Could not detect default resource locations for test class [tn.esprit.spring.kaddem.services.EquipeTest]: no resource found for suffixes {-context.xml, Context.groovy}.
2023-11-04 00:46:29.766  INFO 19100 --- [           main] t.c.s.AnnotationConfigContextLoaderUtils : Could not detect default configuration classes for test class [tn.esprit.spring.kaddem.services.EquipeTest]: EquipeTest does not declare any static, non-private, non-final, nested classes annotated with @Configuration.
2023-11-04 00:46:29.771  INFO 19100 --- [           main] .b.t.c.SpringBootTestContextBootstrapper : Found @SpringBootConfiguration tn.esprit.spring.kaddem.KaddemApplication for test class tn.esprit.spring.kaddem.services.EquipeTest
2023-11-04 00:46:29.774  INFO 19100 --- [           main] .b.t.c.SpringBootTestContextBootstrapper : Loaded default TestExecutionListener class names from location [META-INF/spring.factories]: [org.springframework.boot.test.mock.mockito.MockitoTestExecutionListener, org.springframework.boot.test.mock.mockito.ResetMocksTestExecutionListener, org.springframework.boot.test.autoconfigure.restdocs.RestDocsTestExecutionListener, org.springframework.boot.test.autoconfigure.web.client.MockRestServiceServerResetTestExecutionListener, org.springframework.boot.test.autoconfigure.web.servlet.MockMvcPrintOnlyOnFailureTestExecutionListener, org.springframework.boot.test.autoconfigure.web.servlet.WebDriverTestExecutionListener, org.springframework.boot.test.autoconfigure.webservices.client.MockWebServiceServerTestExecutionListener, org.springframework.test.context.web.ServletTestExecutionListener, org.springframework.test.context.support.DirtiesContextBeforeModesTestExecutionListener, org.springframework.test.context.event.ApplicationEventsTestExecutionListener, org.springframework.test.context.support.DependencyInjectionTestExecutionListener, org.springframework.test.context.support.DirtiesContextTestExecutionListener, org.springframework.test.context.transaction.TransactionalTestExecutionListener, org.springframework.test.context.jdbc.SqlScriptsTestExecutionListener, org.springframework.test.context.event.EventPublishingTestExecutionListener]
2023-11-04 00:46:29.775  INFO 19100 --- [           main] .b.t.c.SpringBootTestContextBootstrapper : Using TestExecutionListeners: [org.springframework.test.context.web.ServletTestExecutionListener@30641d3e, org.springframework.test.context.support.DirtiesContextBeforeModesTestExecutionListener@41116b43, org.springframework.test.context.event.ApplicationEventsTestExecutionListener@4b68b12a, org.springframework.boot.test.mock.mockito.MockitoTestExecutionListener@7cedbbfe, org.springframework.boot.test.autoconfigure.SpringBootDependencyInjectionTestExecutionListener@6c70d4b0, org.springframework.test.context.support.DirtiesContextTestExecutionListener@2671e10e, org.springframework.test.context.transaction.TransactionalTestExecutionListener@289ee50b, org.springframework.test.context.jdbc.SqlScriptsTestExecutionListener@39bd99ad, org.springframework.test.context.event.EventPublishingTestExecutionListener@53821f7e, org.springframework.boot.test.mock.mockito.ResetMocksTestExecutionListener@7a52ed91, org.springframework.boot.test.autoconfigure.restdocs.RestDocsTestExecutionListener@253be96d, org.springframework.boot.test.autoconfigure.web.client.MockRestServiceServerResetTestExecutionListener@709e7c96, org.springframework.boot.test.autoconfigure.web.servlet.MockMvcPrintOnlyOnFailureTestExecutionListener@3324e414, org.springframework.boot.test.autoconfigure.web.servlet.WebDriverTestExecutionListener@5ef7a984, org.springframework.boot.test.autoconfigure.webservices.client.MockWebServiceServerTestExecutionListener@24fd53b6]
Hibernate: select equipe0_.id_equipe as id_equip1_3_, equipe0_.detail_equipe_id_detail_equipe as detail_e4_3_, equipe0_.niveau as niveau2_3_, equipe0_.nom_equipe as nom_equi3_3_ from equipe equipe0_
]]></system-out>
  </testcase>
  <testcase name="testaddEquipe" classname="tn.esprit.spring.kaddem.services.EquipeTest" time="0.128">
    <system-out><![CDATA[Hibernate: select equipe0_.id_equipe as id_equip1_3_1_, equipe0_.detail_equipe_id_detail_equipe as detail_e4_3_1_, equipe0_.niveau as niveau2_3_1_, equipe0_.nom_equipe as nom_equi3_3_1_, etudiants1_.equipes_id_equipe as equipes_1_4_3_, etudiant2_.id_etudiant as etudiant2_4_3_, etudiant2_.id_etudiant as id_etudi1_5_0_, etudiant2_.departement_id_depart as departem5_5_0_, etudiant2_.nome as nome2_5_0_, etudiant2_.op as op3_5_0_, etudiant2_.prenome as prenome4_5_0_ from equipe equipe0_ left outer join equipe_etudiants etudiants1_ on equipe0_.id_equipe=etudiants1_.equipes_id_equipe left outer join etudiant etudiant2_ on etudiants1_.etudiants_id_etudiant=etudiant2_.id_etudiant where equipe0_.id_equipe=?
Hibernate: insert into equipe (detail_equipe_id_detail_equipe, niveau, nom_equipe) values (?, ?, ?)
]]></system-out>
  </testcase>
  <testcase name="testretrieveEquipe" classname="tn.esprit.spring.kaddem.services.EquipeTest" time="0.049">
    <system-out><![CDATA[Hibernate: select equipe0_.id_equipe as id_equip1_3_0_, equipe0_.detail_equipe_id_detail_equipe as detail_e4_3_0_, equipe0_.niveau as niveau2_3_0_, equipe0_.nom_equipe as nom_equi3_3_0_, detailequi1_.id_detail_equipe as id_detai1_2_1_, detailequi1_.salle as salle2_2_1_, detailequi1_.thematique as thematiq3_2_1_ from equipe equipe0_ left outer join detail_equipe detailequi1_ on equipe0_.detail_equipe_id_detail_equipe=detailequi1_.id_detail_equipe where equipe0_.id_equipe=?
]]></system-out>
  </testcase>
</testsuite>